<?xml version="1.0" encoding="UTF-8"?>
<!-- Generated by org.testng.reporters.JUnitReportReporter -->
<testsuite skipped="0" hostname="DESKTOP-TLIRE04" name="Practice.SoftAssert1" tests="2" failures="0" timestamp="2022-01-22T23:43:47 IST" time="0.028" errors="0">
  <testcase name="AssertV1" time="0.025" classname="Practice.SoftAssert1"/>
  <system-out/>
  <testcase name="AssertV2" time="0.003" classname="Practice.SoftAssert1"/>
  <system-out/>
</testsuite> <!-- Practice.SoftAssert1 -->
