<?xml version="1.0" encoding="UTF-8"?>
<!-- Generated by org.testng.reporters.JUnitReportReporter -->
<testsuite skipped="0" hostname="DESKTOP-TLIRE04" name="com.crm.comcast.ContactTest.CreateContactTest" tests="2" failures="0" timestamp="2022-02-01T16:14:46 IST" time="98.473" errors="0">
  <testcase name="createContact" time="51.194" classname="com.crm.comcast.ContactTest.CreateContactTest"/>
  <system-out/>
  <testcase name="createContactWithOrgTest" time="47.279" classname="com.crm.comcast.ContactTest.CreateContactTest"/>
  <system-out/>
</testsuite> <!-- com.crm.comcast.ContactTest.CreateContactTest -->
