<?xml version="1.0" encoding="UTF-8"?>
<!-- Generated by org.testng.reporters.JUnitReportReporter -->
<testsuite skipped="0" hostname="DESKTOP-TLIRE04" name="com.crm.comcast.ContactTest.ContactTest" tests="2" failures="0" timestamp="2022-01-21T00:10:19 IST" time="67.643" errors="0">
  <testcase name="createContact" time="25.091" classname="com.crm.comcast.ContactTest.ContactTest"/>
  <system-out/>
  <testcase name="createContactWithOrgTest" time="42.552" classname="com.crm.comcast.ContactTest.ContactTest"/>
  <system-out/>
</testsuite> <!-- com.crm.comcast.ContactTest.ContactTest -->
