<?xml version="1.0" encoding="UTF-8"?>
<!-- Generated by org.testng.reporters.JUnitReportReporter -->
<testsuite skipped="0" hostname="DESKTOP-TLIRE04" name="com.crm.comcast.OrganizationTest.CreatOrganizationTest" tests="2" failures="0" timestamp="2022-02-01T15:54:49 IST" time="148.472" errors="0">
  <testcase name="createOrg" time="95.474" classname="com.crm.comcast.OrganizationTest.CreatOrganizationTest"/>
  <system-out/>
  <testcase name="createOrgIndusType" time="52.998" classname="com.crm.comcast.OrganizationTest.CreatOrganizationTest"/>
  <system-out/>
</testsuite> <!-- com.crm.comcast.OrganizationTest.CreatOrganizationTest -->
